<?xml version="1.0" encoding="UTF-8"?>
<testng-results ignored="0" total="1" passed="1" failed="0" skipped="0">
  <reporter-output>
  </reporter-output>
  <suite started-at="2020-11-15T20:01:15 IST" name="Default suite" finished-at="2020-11-15T20:01:49 IST" duration-ms="34035">
    <groups>
    </groups>
    <test started-at="2020-11-15T20:01:15 IST" name="Default test" finished-at="2020-11-15T20:01:49 IST" duration-ms="34035">
      <class name="TestNGConcept._10_ParametersConcept">
        <test-method is-config="true" signature="setup()[pri:0, instance:TestNGConcept._10_ParametersConcept@9d5509a]" started-at="2020-11-15T20:01:15 IST" name="setup" finished-at="2020-11-15T20:01:33 IST" duration-ms="18677" status="PASS">
          <reporter-output>
          </reporter-output>
        </test-method> <!-- setup -->
        <test-method signature="AmazonRegistrationTest(java.lang.String, java.lang.String, java.lang.String, java.lang.String)[pri:0, instance:TestNGConcept._10_ParametersConcept@9d5509a]" started-at="2020-11-15T20:01:33 IST" name="AmazonRegistrationTest" finished-at="2020-11-15T20:01:49 IST" duration-ms="15258" status="PASS">
          <params>
            <param index="0">
              <value>
                <![CDATA[param-val-not-found]]>
              </value>
            </param>
            <param index="1">
              <value>
                <![CDATA[param-val-not-found]]>
              </value>
            </param>
            <param index="2">
              <value>
                <![CDATA[param-val-not-found]]>
              </value>
            </param>
            <param index="3">
              <value>
                <![CDATA[param-val-not-found]]>
              </value>
            </param>
          </params>
          <reporter-output>
          </reporter-output>
        </test-method> <!-- AmazonRegistrationTest -->
      </class> <!-- TestNGConcept._10_ParametersConcept -->
    </test> <!-- Default test -->
  </suite> <!-- Default suite -->
</testng-results>
